<?xml version="1.0" encoding="UTF-8"?>
<!-- Generated by org.testng.reporters.JUnitReportReporter -->
<testsuite skipped="0" hostname="LT-35775A" name="com.tests.flight.BookAFlightTests" tests="3" failures="0" timestamp="28 May 2018 02:18:49 GMT" time="10.142" errors="0">
  <testcase name="verifyDropDownFrom" time="2.432" classname="com.tests.flight.BookAFlightTests"/>
  <testcase name="verifyDropDownPassengers" time="2.154" classname="com.tests.flight.BookAFlightTests"/>
  <testcase name="loginTest" time="5.556" classname="com.tests.flight.BookAFlightTests"/>
</testsuite> <!-- com.tests.flight.BookAFlightTests -->
