<?xml version="1.0" encoding="UTF-8"?>
<!-- Generated by org.testng.reporters.JUnitReportReporter -->
<testsuite hostname="LT-35775A" name="com.tests.flight.BookAFlightTests" tests="3" failures="0" timestamp="28 May 2018 06:23:25 GMT" time="13.179" errors="0">
  <testcase name="verifyDropDownFrom" time="2.456" classname="com.tests.flight.BookAFlightTests"/>
  <testcase name="verifyDropDownPassengers" time="2.733" classname="com.tests.flight.BookAFlightTests"/>
  <testcase name="loginTest" time="7.990" classname="com.tests.flight.BookAFlightTests"/>
</testsuite> <!-- com.tests.flight.BookAFlightTests -->
